[debug] [2021-05-24T08:00:33.443Z] ----------------------------------------------------------------------
[debug] [2021-05-24T08:00:33.445Z] Command:       C:\Program Files\nodejs\node.exe C:\Users\Muteshi\AppData\Roaming\npm\node_modules\firebase-tools\lib\bin\firebase.js emulators:start --only functions
[debug] [2021-05-24T08:00:33.446Z] CLI Version:   9.11.0
[debug] [2021-05-24T08:00:33.446Z] Platform:      win32
[debug] [2021-05-24T08:00:33.446Z] Node Version:  v14.16.1
[debug] [2021-05-24T08:00:33.447Z] Time:          Mon May 24 2021 11:00:33 GMT+0300 (East Africa Time)
[debug] [2021-05-24T08:00:33.447Z] ----------------------------------------------------------------------
[debug] 
[debug] [2021-05-24T08:00:33.458Z] > command requires scopes: ["email","openid","https://www.googleapis.com/auth/cloudplatformprojects.readonly","https://www.googleapis.com/auth/firebase","https://www.googleapis.com/auth/cloud-platform"]
[debug] [2021-05-24T08:00:33.459Z] > authorizing via signed-in user (lumteshi@gmail.com)
[info] i  emulators: Starting emulators: functions {"metadata":{"emulator":{"name":"hub"},"message":"Starting emulators: functions"}}
[debug] [2021-05-24T08:00:33.488Z] [hub] writing locator at C:\Users\Muteshi\AppData\Local\Temp\hub-mealstogo-62b2f.json
[warn] !  functions: The following emulators are not running, calls to these services from the Functions emulator will affect production: auth, firestore, database, hosting, pubsub, storage {"metadata":{"emulator":{"name":"functions"},"message":"The following emulators are not running, calls to these services from the Functions emulator will affect production: \u001b[1mauth, firestore, database, hosting, pubsub, storage\u001b[22m"}}
[info] +  functions: Using node@14 from host. {"metadata":{"emulator":{"name":"functions"},"message":"Using node@14 from host."}}
[debug] [2021-05-24T08:00:33.555Z] defaultcredentials: writing to file C:\Users\Muteshi\AppData\Roaming\firebase\lumteshi_gmail_com_application_default_credentials.json
[debug] [2021-05-24T08:00:33.560Z] Setting GAC to C:\Users\Muteshi\AppData\Roaming\firebase\lumteshi_gmail_com_application_default_credentials.json {"metadata":{"emulator":{"name":"functions"},"message":"Setting GAC to C:\\Users\\Muteshi\\AppData\\Roaming\\firebase\\lumteshi_gmail_com_application_default_credentials.json"}}
[debug] [2021-05-24T08:00:33.566Z] > refreshing access token with scopes: []
[debug] [2021-05-24T08:00:33.568Z] >>> HTTP REQUEST POST https://www.googleapis.com/oauth2/v3/token  
 <request body omitted>
[debug] [2021-05-24T08:00:34.019Z] <<< HTTP RESPONSE 200 {"date":"Mon, 24 May 2021 08:00:33 GMT","pragma":"no-cache","expires":"Mon, 01 Jan 1990 00:00:00 GMT","cache-control":"no-cache, no-store, max-age=0, must-revalidate","content-type":"application/json; charset=utf-8","vary":"X-Origin, Referer, Origin,Accept-Encoding","server":"scaffolding on HTTPServer2","x-xss-protection":"0","x-frame-options":"SAMEORIGIN","x-content-type-options":"nosniff","alt-svc":"h3-29=\":443\"; ma=2592000,h3-T051=\":443\"; ma=2592000,h3-Q050=\":443\"; ma=2592000,h3-Q046=\":443\"; ma=2592000,h3-Q043=\":443\"; ma=2592000,quic=\":443\"; ma=2592000; v=\"46,43\"","accept-ranges":"none","transfer-encoding":"chunked"}
[debug] [2021-05-24T08:00:34.113Z] >>> [apiv2][query] GET https://firebase.googleapis.com/v1beta1/projects/mealstogo-62b2f/adminSdkConfig [none]
[debug] [2021-05-24T08:00:34.843Z] <<< [apiv2][status] GET https://firebase.googleapis.com/v1beta1/projects/mealstogo-62b2f/adminSdkConfig 200
[debug] [2021-05-24T08:00:34.843Z] <<< [apiv2][body] GET https://firebase.googleapis.com/v1beta1/projects/mealstogo-62b2f/adminSdkConfig {"projectId":"mealstogo-62b2f","storageBucket":"mealstogo-62b2f.appspot.com"}
[info] i  ui: downloading ui-v1.5.0.zip... {"metadata":{"emulator":{"name":"ui"},"message":"downloading ui-v1.5.0.zip..."}}
[debug] [2021-05-24T08:00:34.905Z] >>> [apiv2][query] GET https://storage.googleapis.com/firebase-preview-drop/emulator/ui-v1.5.0.zip 
[debug] [2021-05-24T08:00:35.341Z] <<< [apiv2][status] GET https://storage.googleapis.com/firebase-preview-drop/emulator/ui-v1.5.0.zip 200
[debug] [2021-05-24T08:00:35.342Z] <<< [apiv2][body] GET https://storage.googleapis.com/firebase-preview-drop/emulator/ui-v1.5.0.zip [stream]
[debug] [2021-05-24T08:00:38.328Z] Ignoring unsupported arg: auto_download {"metadata":{"emulator":{"name":"ui"},"message":"Ignoring unsupported arg: auto_download"}}
[debug] [2021-05-24T08:00:38.328Z] Ignoring unsupported arg: port {"metadata":{"emulator":{"name":"ui"},"message":"Ignoring unsupported arg: port"}}
[debug] [2021-05-24T08:00:38.329Z] Starting Emulator UI with command {"binary":"node","args":["C:\\Users\\Muteshi\\.cache\\firebase\\emulators\\ui-v1.5.0\\server.bundle.js"],"optionalArgs":[],"joinArgs":false} {"metadata":{"emulator":{"name":"ui"},"message":"Starting Emulator UI with command {\"binary\":\"node\",\"args\":[\"C:\\\\Users\\\\Muteshi\\\\.cache\\\\firebase\\\\emulators\\\\ui-v1.5.0\\\\server.bundle.js\"],\"optionalArgs\":[],\"joinArgs\":false}"}}
[info] i  ui: Emulator UI logging to ui-debug.log {"metadata":{"emulator":{"name":"ui"},"message":"Emulator UI logging to \u001b[1mui-debug.log\u001b[22m"}}
[debug] [2021-05-24T08:00:38.579Z] Web / API server started at http://localhost:4000
 {"metadata":{"emulator":{"name":"ui"},"message":"Web / API server started at http://localhost:4000\n"}}
[info] i  functions: Watching "D:\Projects\Meals-App\functions" for Cloud Functions... {"metadata":{"emulator":{"name":"functions"},"message":"Watching \"D:\\Projects\\Meals-App\\functions\" for Cloud Functions..."}}
[debug] [2021-05-24T08:00:38.692Z] [worker-pool] addWorker(~diagnostic~) {"metadata":{"emulator":{"name":"functions"},"message":"[worker-pool] addWorker(~diagnostic~)"}}
[debug] [2021-05-24T08:00:38.693Z] [worker-pool] Adding worker with key ~diagnostic~, total=1 {"metadata":{"emulator":{"name":"functions"},"message":"[worker-pool] Adding worker with key ~diagnostic~, total=1"}}
[debug] [2021-05-24T08:00:38.693Z] [worker-pool] submitWork(triggerId=) {"metadata":{"emulator":{"name":"functions"},"message":"[worker-pool] submitWork(triggerId=)"}}
[debug] [2021-05-24T08:00:38.695Z] [worker-~diagnostic~-765012dc-07a3-461b-bdb3-024348626113]: Assigning socketPath: \\?\pipe\D:\Projects\Meals-App\functions\16872 {"metadata":{"emulator":{"name":"functions"},"message":"[worker-~diagnostic~-765012dc-07a3-461b-bdb3-024348626113]: Assigning socketPath: \\\\?\\pipe\\D:\\Projects\\Meals-App\\functions\\16872"}}
[debug] [2021-05-24T08:00:38.697Z] [worker-~diagnostic~-765012dc-07a3-461b-bdb3-024348626113]: BUSY {"metadata":{"emulator":{"name":"functions"},"message":"[worker-~diagnostic~-765012dc-07a3-461b-bdb3-024348626113]: BUSY"}}
[debug] [2021-05-24T08:00:39.006Z] [runtime-status] [16872] Functions runtime initialized. {"cwd":"D:\\Projects\\Meals-App\\functions","node_version":"14.16.1"} {"metadata":{"emulator":{"name":"functions"},"message":"[runtime-status] [16872] Functions runtime initialized. {\"cwd\":\"D:\\\\Projects\\\\Meals-App\\\\functions\",\"node_version\":\"14.16.1\"}"}}
[debug] [2021-05-24T08:00:39.008Z] [runtime-status] [16872] Disabled runtime features: undefined {"metadata":{"emulator":{"name":"functions"},"message":"[runtime-status] [16872] Disabled runtime features: undefined"}}
[debug] [2021-05-24T08:00:39.014Z] [runtime-status] [16872] Resolved module firebase-admin {"declared":true,"installed":true,"version":"9.8.0","resolution":"D:\\Projects\\Meals-App\\functions\\node_modules\\firebase-admin\\lib\\index.js"} {"metadata":{"emulator":{"name":"functions"},"message":"[runtime-status] [16872] Resolved module firebase-admin {\"declared\":true,\"installed\":true,\"version\":\"9.8.0\",\"resolution\":\"D:\\\\Projects\\\\Meals-App\\\\functions\\\\node_modules\\\\firebase-admin\\\\lib\\\\index.js\"}"}}
[debug] [2021-05-24T08:00:39.016Z] [runtime-status] [16872] Resolved module firebase-functions {"declared":true,"installed":true,"version":"3.14.1","resolution":"D:\\Projects\\Meals-App\\functions\\node_modules\\firebase-functions\\lib\\index.js"} {"metadata":{"emulator":{"name":"functions"},"message":"[runtime-status] [16872] Resolved module firebase-functions {\"declared\":true,\"installed\":true,\"version\":\"3.14.1\",\"resolution\":\"D:\\\\Projects\\\\Meals-App\\\\functions\\\\node_modules\\\\firebase-functions\\\\lib\\\\index.js\"}"}}
[debug] [2021-05-24T08:00:39.018Z] [runtime-status] [16872] Resolved module firebase-functions {"declared":true,"installed":true,"version":"3.14.1","resolution":"D:\\Projects\\Meals-App\\functions\\node_modules\\firebase-functions\\lib\\index.js"} {"metadata":{"emulator":{"name":"functions"},"message":"[runtime-status] [16872] Resolved module firebase-functions {\"declared\":true,\"installed\":true,\"version\":\"3.14.1\",\"resolution\":\"D:\\\\Projects\\\\Meals-App\\\\functions\\\\node_modules\\\\firebase-functions\\\\lib\\\\index.js\"}"}}
[debug] [2021-05-24T08:00:39.020Z] [runtime-status] [16872] Outgoing network have been stubbed. [{"name":"http","status":"mocked"},{"name":"http","status":"mocked"},{"name":"https","status":"mocked"},{"name":"https","status":"mocked"},{"name":"net","status":"mocked"}] {"metadata":{"emulator":{"name":"functions"},"message":"[runtime-status] [16872] Outgoing network have been stubbed. [{\"name\":\"http\",\"status\":\"mocked\"},{\"name\":\"http\",\"status\":\"mocked\"},{\"name\":\"https\",\"status\":\"mocked\"},{\"name\":\"https\",\"status\":\"mocked\"},{\"name\":\"net\",\"status\":\"mocked\"}]"}}
[debug] [2021-05-24T08:00:39.021Z] [runtime-status] [16872] Resolved module firebase-functions {"declared":true,"installed":true,"version":"3.14.1","resolution":"D:\\Projects\\Meals-App\\functions\\node_modules\\firebase-functions\\lib\\index.js"} {"metadata":{"emulator":{"name":"functions"},"message":"[runtime-status] [16872] Resolved module firebase-functions {\"declared\":true,\"installed\":true,\"version\":\"3.14.1\",\"resolution\":\"D:\\\\Projects\\\\Meals-App\\\\functions\\\\node_modules\\\\firebase-functions\\\\lib\\\\index.js\"}"}}
[debug] [2021-05-24T08:00:39.101Z] [runtime-status] [16872] Checked functions.config() {"config":{}} {"metadata":{"emulator":{"name":"functions"},"message":"[runtime-status] [16872] Checked functions.config() {\"config\":{}}"}}
[debug] [2021-05-24T08:00:39.102Z] [runtime-status] [16872] firebase-functions has been stubbed. {"functionsResolution":{"declared":true,"installed":true,"version":"3.14.1","resolution":"D:\\Projects\\Meals-App\\functions\\node_modules\\firebase-functions\\lib\\index.js"}} {"metadata":{"emulator":{"name":"functions"},"message":"[runtime-status] [16872] firebase-functions has been stubbed. {\"functionsResolution\":{\"declared\":true,\"installed\":true,\"version\":\"3.14.1\",\"resolution\":\"D:\\\\Projects\\\\Meals-App\\\\functions\\\\node_modules\\\\firebase-functions\\\\lib\\\\index.js\"}}"}}
[debug] [2021-05-24T08:00:39.103Z] [runtime-status] [16872] Resolved module firebase-functions {"declared":true,"installed":true,"version":"3.14.1","resolution":"D:\\Projects\\Meals-App\\functions\\node_modules\\firebase-functions\\lib\\index.js"} {"metadata":{"emulator":{"name":"functions"},"message":"[runtime-status] [16872] Resolved module firebase-functions {\"declared\":true,\"installed\":true,\"version\":\"3.14.1\",\"resolution\":\"D:\\\\Projects\\\\Meals-App\\\\functions\\\\node_modules\\\\firebase-functions\\\\lib\\\\index.js\"}"}}
[debug] [2021-05-24T08:00:39.104Z] [runtime-status] [16872] Resolved module firebase-admin {"declared":true,"installed":true,"version":"9.8.0","resolution":"D:\\Projects\\Meals-App\\functions\\node_modules\\firebase-admin\\lib\\index.js"} {"metadata":{"emulator":{"name":"functions"},"message":"[runtime-status] [16872] Resolved module firebase-admin {\"declared\":true,\"installed\":true,\"version\":\"9.8.0\",\"resolution\":\"D:\\\\Projects\\\\Meals-App\\\\functions\\\\node_modules\\\\firebase-admin\\\\lib\\\\index.js\"}"}}
[debug] [2021-05-24T08:00:39.105Z] [runtime-status] [16872] Resolved module firebase-functions {"declared":true,"installed":true,"version":"3.14.1","resolution":"D:\\Projects\\Meals-App\\functions\\node_modules\\firebase-functions\\lib\\index.js"} {"metadata":{"emulator":{"name":"functions"},"message":"[runtime-status] [16872] Resolved module firebase-functions {\"declared\":true,\"installed\":true,\"version\":\"3.14.1\",\"resolution\":\"D:\\\\Projects\\\\Meals-App\\\\functions\\\\node_modules\\\\firebase-functions\\\\lib\\\\index.js\"}"}}
[debug] [2021-05-24T08:00:39.106Z] [runtime-status] [16872] firebase-admin has been stubbed. {"adminResolution":{"declared":true,"installed":true,"version":"9.8.0","resolution":"D:\\Projects\\Meals-App\\functions\\node_modules\\firebase-admin\\lib\\index.js"}} {"metadata":{"emulator":{"name":"functions"},"message":"[runtime-status] [16872] firebase-admin has been stubbed. {\"adminResolution\":{\"declared\":true,\"installed\":true,\"version\":\"9.8.0\",\"resolution\":\"D:\\\\Projects\\\\Meals-App\\\\functions\\\\node_modules\\\\firebase-admin\\\\lib\\\\index.js\"}}"}}
[info] 
┌─────────────────────────────────────────────────────────────┐
│ ✔  All emulators ready! It is now safe to connect your app. │
│ i  View Emulator UI at http://localhost:4000                │
└─────────────────────────────────────────────────────────────┘

┌───────────┬────────────────┬─────────────────────────────────┐
│ Emulator  │ Host:Port      │ View in Emulator UI             │
├───────────┼────────────────┼─────────────────────────────────┤
│ Functions │ localhost:5001 │ http://localhost:4000/functions │
└───────────┴────────────────┴─────────────────────────────────┘
  Emulator Hub running at localhost:4400
  Other reserved ports: 4500

Issues? Report them at https://github.com/firebase/firebase-tools/issues and attach the *-debug.log files.
 
[debug] [2021-05-24T08:00:39.117Z] [worker-~diagnostic~-765012dc-07a3-461b-bdb3-024348626113]: IDLE {"metadata":{"emulator":{"name":"functions"},"message":"[worker-~diagnostic~-765012dc-07a3-461b-bdb3-024348626113]: IDLE"}}
[debug] [2021-05-24T08:01:44.866Z] File D:\Projects\Meals-App\functions\index.js changed, reloading triggers {"metadata":{"emulator":{"name":"functions"},"message":"File D:\\Projects\\Meals-App\\functions\\index.js changed, reloading triggers"}}
[debug] [2021-05-24T08:01:44.944Z] File D:\Projects\Meals-App\functions\index.js changed, reloading triggers {"metadata":{"emulator":{"name":"functions"},"message":"File D:\\Projects\\Meals-App\\functions\\index.js changed, reloading triggers"}}
[debug] [2021-05-24T08:01:45.947Z] [worker-pool] Shutting down IDLE worker (~diagnostic~) {"metadata":{"emulator":{"name":"functions"},"message":"[worker-pool] Shutting down IDLE worker (~diagnostic~)"}}
[debug] [2021-05-24T08:01:45.947Z] [worker-~diagnostic~-765012dc-07a3-461b-bdb3-024348626113]: FINISHING {"metadata":{"emulator":{"name":"functions"},"message":"[worker-~diagnostic~-765012dc-07a3-461b-bdb3-024348626113]: FINISHING"}}
[debug] [2021-05-24T08:01:45.965Z] [worker-pool] addWorker(~diagnostic~) {"metadata":{"emulator":{"name":"functions"},"message":"[worker-pool] addWorker(~diagnostic~)"}}
[debug] [2021-05-24T08:01:45.965Z] [worker-pool] Adding worker with key ~diagnostic~, total=2 {"metadata":{"emulator":{"name":"functions"},"message":"[worker-pool] Adding worker with key ~diagnostic~, total=2"}}
[debug] [2021-05-24T08:01:45.966Z] [worker-pool] submitWork(triggerId=) {"metadata":{"emulator":{"name":"functions"},"message":"[worker-pool] submitWork(triggerId=)"}}
[debug] [2021-05-24T08:01:45.966Z] [worker-~diagnostic~-a4b5a288-f1b0-474f-a0e0-90a428582b1a]: Assigning socketPath: \\?\pipe\D:\Projects\Meals-App\functions\12624 {"metadata":{"emulator":{"name":"functions"},"message":"[worker-~diagnostic~-a4b5a288-f1b0-474f-a0e0-90a428582b1a]: Assigning socketPath: \\\\?\\pipe\\D:\\Projects\\Meals-App\\functions\\12624"}}
[debug] [2021-05-24T08:01:45.966Z] [worker-~diagnostic~-a4b5a288-f1b0-474f-a0e0-90a428582b1a]: BUSY {"metadata":{"emulator":{"name":"functions"},"message":"[worker-~diagnostic~-a4b5a288-f1b0-474f-a0e0-90a428582b1a]: BUSY"}}
[debug] [2021-05-24T08:01:45.969Z] [worker-~diagnostic~-765012dc-07a3-461b-bdb3-024348626113]: exited {"metadata":{"emulator":{"name":"functions"},"message":"[worker-~diagnostic~-765012dc-07a3-461b-bdb3-024348626113]: exited"}}
[debug] [2021-05-24T08:01:45.969Z] [worker-~diagnostic~-765012dc-07a3-461b-bdb3-024348626113]: FINISHED {"metadata":{"emulator":{"name":"functions"},"message":"[worker-~diagnostic~-765012dc-07a3-461b-bdb3-024348626113]: FINISHED"}}
[debug] [2021-05-24T08:01:46.534Z] [runtime-status] [12624] Functions runtime initialized. {"cwd":"D:\\Projects\\Meals-App\\functions","node_version":"14.16.1"} {"metadata":{"emulator":{"name":"functions"},"message":"[runtime-status] [12624] Functions runtime initialized. {\"cwd\":\"D:\\\\Projects\\\\Meals-App\\\\functions\",\"node_version\":\"14.16.1\"}"}}
[debug] [2021-05-24T08:01:46.539Z] [runtime-status] [12624] Disabled runtime features: undefined {"metadata":{"emulator":{"name":"functions"},"message":"[runtime-status] [12624] Disabled runtime features: undefined"}}
[debug] [2021-05-24T08:01:46.547Z] [runtime-status] [12624] Resolved module firebase-admin {"declared":true,"installed":true,"version":"9.8.0","resolution":"D:\\Projects\\Meals-App\\functions\\node_modules\\firebase-admin\\lib\\index.js"} {"metadata":{"emulator":{"name":"functions"},"message":"[runtime-status] [12624] Resolved module firebase-admin {\"declared\":true,\"installed\":true,\"version\":\"9.8.0\",\"resolution\":\"D:\\\\Projects\\\\Meals-App\\\\functions\\\\node_modules\\\\firebase-admin\\\\lib\\\\index.js\"}"}}
[debug] [2021-05-24T08:01:46.550Z] [runtime-status] [12624] Resolved module firebase-functions {"declared":true,"installed":true,"version":"3.14.1","resolution":"D:\\Projects\\Meals-App\\functions\\node_modules\\firebase-functions\\lib\\index.js"} {"metadata":{"emulator":{"name":"functions"},"message":"[runtime-status] [12624] Resolved module firebase-functions {\"declared\":true,\"installed\":true,\"version\":\"3.14.1\",\"resolution\":\"D:\\\\Projects\\\\Meals-App\\\\functions\\\\node_modules\\\\firebase-functions\\\\lib\\\\index.js\"}"}}
[debug] [2021-05-24T08:01:46.553Z] [runtime-status] [12624] Resolved module firebase-functions {"declared":true,"installed":true,"version":"3.14.1","resolution":"D:\\Projects\\Meals-App\\functions\\node_modules\\firebase-functions\\lib\\index.js"} {"metadata":{"emulator":{"name":"functions"},"message":"[runtime-status] [12624] Resolved module firebase-functions {\"declared\":true,\"installed\":true,\"version\":\"3.14.1\",\"resolution\":\"D:\\\\Projects\\\\Meals-App\\\\functions\\\\node_modules\\\\firebase-functions\\\\lib\\\\index.js\"}"}}
[debug] [2021-05-24T08:01:46.557Z] [runtime-status] [12624] Outgoing network have been stubbed. [{"name":"http","status":"mocked"},{"name":"http","status":"mocked"},{"name":"https","status":"mocked"},{"name":"https","status":"mocked"},{"name":"net","status":"mocked"}] {"metadata":{"emulator":{"name":"functions"},"message":"[runtime-status] [12624] Outgoing network have been stubbed. [{\"name\":\"http\",\"status\":\"mocked\"},{\"name\":\"http\",\"status\":\"mocked\"},{\"name\":\"https\",\"status\":\"mocked\"},{\"name\":\"https\",\"status\":\"mocked\"},{\"name\":\"net\",\"status\":\"mocked\"}]"}}
[debug] [2021-05-24T08:01:46.558Z] [runtime-status] [12624] Resolved module firebase-functions {"declared":true,"installed":true,"version":"3.14.1","resolution":"D:\\Projects\\Meals-App\\functions\\node_modules\\firebase-functions\\lib\\index.js"} {"metadata":{"emulator":{"name":"functions"},"message":"[runtime-status] [12624] Resolved module firebase-functions {\"declared\":true,\"installed\":true,\"version\":\"3.14.1\",\"resolution\":\"D:\\\\Projects\\\\Meals-App\\\\functions\\\\node_modules\\\\firebase-functions\\\\lib\\\\index.js\"}"}}
[debug] [2021-05-24T08:01:46.687Z] [runtime-status] [12624] Checked functions.config() {"config":{}} {"metadata":{"emulator":{"name":"functions"},"message":"[runtime-status] [12624] Checked functions.config() {\"config\":{}}"}}
[debug] [2021-05-24T08:01:46.688Z] [runtime-status] [12624] firebase-functions has been stubbed. {"functionsResolution":{"declared":true,"installed":true,"version":"3.14.1","resolution":"D:\\Projects\\Meals-App\\functions\\node_modules\\firebase-functions\\lib\\index.js"}} {"metadata":{"emulator":{"name":"functions"},"message":"[runtime-status] [12624] firebase-functions has been stubbed. {\"functionsResolution\":{\"declared\":true,\"installed\":true,\"version\":\"3.14.1\",\"resolution\":\"D:\\\\Projects\\\\Meals-App\\\\functions\\\\node_modules\\\\firebase-functions\\\\lib\\\\index.js\"}}"}}
[debug] [2021-05-24T08:01:46.689Z] [runtime-status] [12624] Resolved module firebase-functions {"declared":true,"installed":true,"version":"3.14.1","resolution":"D:\\Projects\\Meals-App\\functions\\node_modules\\firebase-functions\\lib\\index.js"} {"metadata":{"emulator":{"name":"functions"},"message":"[runtime-status] [12624] Resolved module firebase-functions {\"declared\":true,\"installed\":true,\"version\":\"3.14.1\",\"resolution\":\"D:\\\\Projects\\\\Meals-App\\\\functions\\\\node_modules\\\\firebase-functions\\\\lib\\\\index.js\"}"}}
[debug] [2021-05-24T08:01:46.691Z] [runtime-status] [12624] Resolved module firebase-admin {"declared":true,"installed":true,"version":"9.8.0","resolution":"D:\\Projects\\Meals-App\\functions\\node_modules\\firebase-admin\\lib\\index.js"} {"metadata":{"emulator":{"name":"functions"},"message":"[runtime-status] [12624] Resolved module firebase-admin {\"declared\":true,\"installed\":true,\"version\":\"9.8.0\",\"resolution\":\"D:\\\\Projects\\\\Meals-App\\\\functions\\\\node_modules\\\\firebase-admin\\\\lib\\\\index.js\"}"}}
[debug] [2021-05-24T08:01:46.692Z] [runtime-status] [12624] Resolved module firebase-functions {"declared":true,"installed":true,"version":"3.14.1","resolution":"D:\\Projects\\Meals-App\\functions\\node_modules\\firebase-functions\\lib\\index.js"} {"metadata":{"emulator":{"name":"functions"},"message":"[runtime-status] [12624] Resolved module firebase-functions {\"declared\":true,\"installed\":true,\"version\":\"3.14.1\",\"resolution\":\"D:\\\\Projects\\\\Meals-App\\\\functions\\\\node_modules\\\\firebase-functions\\\\lib\\\\index.js\"}"}}
[debug] [2021-05-24T08:01:46.694Z] [runtime-status] [12624] firebase-admin has been stubbed. {"adminResolution":{"declared":true,"installed":true,"version":"9.8.0","resolution":"D:\\Projects\\Meals-App\\functions\\node_modules\\firebase-admin\\lib\\index.js"}} {"metadata":{"emulator":{"name":"functions"},"message":"[runtime-status] [12624] firebase-admin has been stubbed. {\"adminResolution\":{\"declared\":true,\"installed\":true,\"version\":\"9.8.0\",\"resolution\":\"D:\\\\Projects\\\\Meals-App\\\\functions\\\\node_modules\\\\firebase-admin\\\\lib\\\\index.js\"}}"}}
[info] +  functions[helloWorld]: http function initialized (http://localhost:5001/mealstogo-62b2f/us-central1/helloWorld). {"metadata":{"emulator":{"name":"functions"},"message":"\u001b[1mhttp\u001b[22m function initialized (http://localhost:5001/mealstogo-62b2f/us-central1/helloWorld)."}}
[debug] [2021-05-24T08:01:46.701Z] [worker-~diagnostic~-a4b5a288-f1b0-474f-a0e0-90a428582b1a]: IDLE {"metadata":{"emulator":{"name":"functions"},"message":"[worker-~diagnostic~-a4b5a288-f1b0-474f-a0e0-90a428582b1a]: IDLE"}}
[debug] [2021-05-24T08:09:10.719Z] File D:\Projects\Meals-App\functions\index.js changed, reloading triggers {"metadata":{"emulator":{"name":"functions"},"message":"File D:\\Projects\\Meals-App\\functions\\index.js changed, reloading triggers"}}
[debug] [2021-05-24T08:09:11.720Z] [worker-pool] Shutting down IDLE worker (~diagnostic~) {"metadata":{"emulator":{"name":"functions"},"message":"[worker-pool] Shutting down IDLE worker (~diagnostic~)"}}
[debug] [2021-05-24T08:09:11.721Z] [worker-~diagnostic~-a4b5a288-f1b0-474f-a0e0-90a428582b1a]: FINISHING {"metadata":{"emulator":{"name":"functions"},"message":"[worker-~diagnostic~-a4b5a288-f1b0-474f-a0e0-90a428582b1a]: FINISHING"}}
[debug] [2021-05-24T08:09:11.721Z] [worker-pool] Cleaned up workers for ~diagnostic~: 2 --> 1 {"metadata":{"emulator":{"name":"functions"},"message":"[worker-pool] Cleaned up workers for ~diagnostic~: 2 --> 1"}}
[debug] [2021-05-24T08:09:11.745Z] [worker-pool] addWorker(~diagnostic~) {"metadata":{"emulator":{"name":"functions"},"message":"[worker-pool] addWorker(~diagnostic~)"}}
[debug] [2021-05-24T08:09:11.745Z] [worker-pool] Adding worker with key ~diagnostic~, total=2 {"metadata":{"emulator":{"name":"functions"},"message":"[worker-pool] Adding worker with key ~diagnostic~, total=2"}}
[debug] [2021-05-24T08:09:11.745Z] [worker-pool] submitWork(triggerId=) {"metadata":{"emulator":{"name":"functions"},"message":"[worker-pool] submitWork(triggerId=)"}}
[debug] [2021-05-24T08:09:11.746Z] [worker-~diagnostic~-2e4d8a01-cd07-49cf-80d7-ad3d75803da3]: Assigning socketPath: \\?\pipe\D:\Projects\Meals-App\functions\13060 {"metadata":{"emulator":{"name":"functions"},"message":"[worker-~diagnostic~-2e4d8a01-cd07-49cf-80d7-ad3d75803da3]: Assigning socketPath: \\\\?\\pipe\\D:\\Projects\\Meals-App\\functions\\13060"}}
[debug] [2021-05-24T08:09:11.747Z] [worker-~diagnostic~-2e4d8a01-cd07-49cf-80d7-ad3d75803da3]: BUSY {"metadata":{"emulator":{"name":"functions"},"message":"[worker-~diagnostic~-2e4d8a01-cd07-49cf-80d7-ad3d75803da3]: BUSY"}}
[debug] [2021-05-24T08:09:11.748Z] [worker-~diagnostic~-a4b5a288-f1b0-474f-a0e0-90a428582b1a]: exited {"metadata":{"emulator":{"name":"functions"},"message":"[worker-~diagnostic~-a4b5a288-f1b0-474f-a0e0-90a428582b1a]: exited"}}
[debug] [2021-05-24T08:09:11.748Z] [worker-~diagnostic~-a4b5a288-f1b0-474f-a0e0-90a428582b1a]: FINISHED {"metadata":{"emulator":{"name":"functions"},"message":"[worker-~diagnostic~-a4b5a288-f1b0-474f-a0e0-90a428582b1a]: FINISHED"}}
[debug] [2021-05-24T08:09:12.407Z] [runtime-status] [13060] Functions runtime initialized. {"cwd":"D:\\Projects\\Meals-App\\functions","node_version":"14.16.1"} {"metadata":{"emulator":{"name":"functions"},"message":"[runtime-status] [13060] Functions runtime initialized. {\"cwd\":\"D:\\\\Projects\\\\Meals-App\\\\functions\",\"node_version\":\"14.16.1\"}"}}
[debug] [2021-05-24T08:09:12.417Z] [runtime-status] [13060] Disabled runtime features: undefined {"metadata":{"emulator":{"name":"functions"},"message":"[runtime-status] [13060] Disabled runtime features: undefined"}}
[debug] [2021-05-24T08:09:12.424Z] [runtime-status] [13060] Resolved module firebase-admin {"declared":true,"installed":true,"version":"9.8.0","resolution":"D:\\Projects\\Meals-App\\functions\\node_modules\\firebase-admin\\lib\\index.js"} {"metadata":{"emulator":{"name":"functions"},"message":"[runtime-status] [13060] Resolved module firebase-admin {\"declared\":true,\"installed\":true,\"version\":\"9.8.0\",\"resolution\":\"D:\\\\Projects\\\\Meals-App\\\\functions\\\\node_modules\\\\firebase-admin\\\\lib\\\\index.js\"}"}}
[debug] [2021-05-24T08:09:12.427Z] [runtime-status] [13060] Resolved module firebase-functions {"declared":true,"installed":true,"version":"3.14.1","resolution":"D:\\Projects\\Meals-App\\functions\\node_modules\\firebase-functions\\lib\\index.js"} {"metadata":{"emulator":{"name":"functions"},"message":"[runtime-status] [13060] Resolved module firebase-functions {\"declared\":true,\"installed\":true,\"version\":\"3.14.1\",\"resolution\":\"D:\\\\Projects\\\\Meals-App\\\\functions\\\\node_modules\\\\firebase-functions\\\\lib\\\\index.js\"}"}}
[debug] [2021-05-24T08:09:12.432Z] [runtime-status] [13060] Resolved module firebase-functions {"declared":true,"installed":true,"version":"3.14.1","resolution":"D:\\Projects\\Meals-App\\functions\\node_modules\\firebase-functions\\lib\\index.js"} {"metadata":{"emulator":{"name":"functions"},"message":"[runtime-status] [13060] Resolved module firebase-functions {\"declared\":true,\"installed\":true,\"version\":\"3.14.1\",\"resolution\":\"D:\\\\Projects\\\\Meals-App\\\\functions\\\\node_modules\\\\firebase-functions\\\\lib\\\\index.js\"}"}}
[debug] [2021-05-24T08:09:12.437Z] [runtime-status] [13060] Outgoing network have been stubbed. [{"name":"http","status":"mocked"},{"name":"http","status":"mocked"},{"name":"https","status":"mocked"},{"name":"https","status":"mocked"},{"name":"net","status":"mocked"}] {"metadata":{"emulator":{"name":"functions"},"message":"[runtime-status] [13060] Outgoing network have been stubbed. [{\"name\":\"http\",\"status\":\"mocked\"},{\"name\":\"http\",\"status\":\"mocked\"},{\"name\":\"https\",\"status\":\"mocked\"},{\"name\":\"https\",\"status\":\"mocked\"},{\"name\":\"net\",\"status\":\"mocked\"}]"}}
[debug] [2021-05-24T08:09:12.439Z] [runtime-status] [13060] Resolved module firebase-functions {"declared":true,"installed":true,"version":"3.14.1","resolution":"D:\\Projects\\Meals-App\\functions\\node_modules\\firebase-functions\\lib\\index.js"} {"metadata":{"emulator":{"name":"functions"},"message":"[runtime-status] [13060] Resolved module firebase-functions {\"declared\":true,\"installed\":true,\"version\":\"3.14.1\",\"resolution\":\"D:\\\\Projects\\\\Meals-App\\\\functions\\\\node_modules\\\\firebase-functions\\\\lib\\\\index.js\"}"}}
[debug] [2021-05-24T08:09:12.572Z] [runtime-status] [13060] Checked functions.config() {"config":{}} {"metadata":{"emulator":{"name":"functions"},"message":"[runtime-status] [13060] Checked functions.config() {\"config\":{}}"}}
[debug] [2021-05-24T08:09:12.573Z] [runtime-status] [13060] firebase-functions has been stubbed. {"functionsResolution":{"declared":true,"installed":true,"version":"3.14.1","resolution":"D:\\Projects\\Meals-App\\functions\\node_modules\\firebase-functions\\lib\\index.js"}} {"metadata":{"emulator":{"name":"functions"},"message":"[runtime-status] [13060] firebase-functions has been stubbed. {\"functionsResolution\":{\"declared\":true,\"installed\":true,\"version\":\"3.14.1\",\"resolution\":\"D:\\\\Projects\\\\Meals-App\\\\functions\\\\node_modules\\\\firebase-functions\\\\lib\\\\index.js\"}}"}}
[debug] [2021-05-24T08:09:12.574Z] [runtime-status] [13060] Resolved module firebase-functions {"declared":true,"installed":true,"version":"3.14.1","resolution":"D:\\Projects\\Meals-App\\functions\\node_modules\\firebase-functions\\lib\\index.js"} {"metadata":{"emulator":{"name":"functions"},"message":"[runtime-status] [13060] Resolved module firebase-functions {\"declared\":true,\"installed\":true,\"version\":\"3.14.1\",\"resolution\":\"D:\\\\Projects\\\\Meals-App\\\\functions\\\\node_modules\\\\firebase-functions\\\\lib\\\\index.js\"}"}}
[debug] [2021-05-24T08:09:12.577Z] [runtime-status] [13060] Resolved module firebase-admin {"declared":true,"installed":true,"version":"9.8.0","resolution":"D:\\Projects\\Meals-App\\functions\\node_modules\\firebase-admin\\lib\\index.js"} {"metadata":{"emulator":{"name":"functions"},"message":"[runtime-status] [13060] Resolved module firebase-admin {\"declared\":true,\"installed\":true,\"version\":\"9.8.0\",\"resolution\":\"D:\\\\Projects\\\\Meals-App\\\\functions\\\\node_modules\\\\firebase-admin\\\\lib\\\\index.js\"}"}}
[debug] [2021-05-24T08:09:12.580Z] [runtime-status] [13060] Resolved module firebase-functions {"declared":true,"installed":true,"version":"3.14.1","resolution":"D:\\Projects\\Meals-App\\functions\\node_modules\\firebase-functions\\lib\\index.js"} {"metadata":{"emulator":{"name":"functions"},"message":"[runtime-status] [13060] Resolved module firebase-functions {\"declared\":true,\"installed\":true,\"version\":\"3.14.1\",\"resolution\":\"D:\\\\Projects\\\\Meals-App\\\\functions\\\\node_modules\\\\firebase-functions\\\\lib\\\\index.js\"}"}}
[debug] [2021-05-24T08:09:12.580Z] [runtime-status] [13060] firebase-admin has been stubbed. {"adminResolution":{"declared":true,"installed":true,"version":"9.8.0","resolution":"D:\\Projects\\Meals-App\\functions\\node_modules\\firebase-admin\\lib\\index.js"}} {"metadata":{"emulator":{"name":"functions"},"message":"[runtime-status] [13060] firebase-admin has been stubbed. {\"adminResolution\":{\"declared\":true,\"installed\":true,\"version\":\"9.8.0\",\"resolution\":\"D:\\\\Projects\\\\Meals-App\\\\functions\\\\node_modules\\\\firebase-admin\\\\lib\\\\index.js\"}}"}}
[info] +  functions[geocode]: http function initialized (http://localhost:5001/mealstogo-62b2f/us-central1/geocode). {"metadata":{"emulator":{"name":"functions"},"message":"\u001b[1mhttp\u001b[22m function initialized (http://localhost:5001/mealstogo-62b2f/us-central1/geocode)."}}
[debug] [2021-05-24T08:09:12.588Z] [worker-~diagnostic~-2e4d8a01-cd07-49cf-80d7-ad3d75803da3]: IDLE {"metadata":{"emulator":{"name":"functions"},"message":"[worker-~diagnostic~-2e4d8a01-cd07-49cf-80d7-ad3d75803da3]: IDLE"}}
[debug] [2021-05-24T08:12:06.121Z] File D:\Projects\Meals-App\functions\geocde\index.js changed, reloading triggers {"metadata":{"emulator":{"name":"functions"},"message":"File D:\\Projects\\Meals-App\\functions\\geocde\\index.js changed, reloading triggers"}}
[debug] [2021-05-24T08:12:07.124Z] [worker-pool] Shutting down IDLE worker (~diagnostic~) {"metadata":{"emulator":{"name":"functions"},"message":"[worker-pool] Shutting down IDLE worker (~diagnostic~)"}}
[debug] [2021-05-24T08:12:07.124Z] [worker-~diagnostic~-2e4d8a01-cd07-49cf-80d7-ad3d75803da3]: FINISHING {"metadata":{"emulator":{"name":"functions"},"message":"[worker-~diagnostic~-2e4d8a01-cd07-49cf-80d7-ad3d75803da3]: FINISHING"}}
[debug] [2021-05-24T08:12:07.125Z] [worker-pool] Cleaned up workers for ~diagnostic~: 2 --> 1 {"metadata":{"emulator":{"name":"functions"},"message":"[worker-pool] Cleaned up workers for ~diagnostic~: 2 --> 1"}}
[debug] [2021-05-24T08:12:07.155Z] [worker-pool] addWorker(~diagnostic~) {"metadata":{"emulator":{"name":"functions"},"message":"[worker-pool] addWorker(~diagnostic~)"}}
[debug] [2021-05-24T08:12:07.156Z] [worker-pool] Adding worker with key ~diagnostic~, total=2 {"metadata":{"emulator":{"name":"functions"},"message":"[worker-pool] Adding worker with key ~diagnostic~, total=2"}}
[debug] [2021-05-24T08:12:07.156Z] [worker-pool] submitWork(triggerId=) {"metadata":{"emulator":{"name":"functions"},"message":"[worker-pool] submitWork(triggerId=)"}}
[debug] [2021-05-24T08:12:07.156Z] [worker-~diagnostic~-f4a5db43-cc80-4f68-b206-d92d91847686]: Assigning socketPath: \\?\pipe\D:\Projects\Meals-App\functions\16020 {"metadata":{"emulator":{"name":"functions"},"message":"[worker-~diagnostic~-f4a5db43-cc80-4f68-b206-d92d91847686]: Assigning socketPath: \\\\?\\pipe\\D:\\Projects\\Meals-App\\functions\\16020"}}
[debug] [2021-05-24T08:12:07.157Z] [worker-~diagnostic~-f4a5db43-cc80-4f68-b206-d92d91847686]: BUSY {"metadata":{"emulator":{"name":"functions"},"message":"[worker-~diagnostic~-f4a5db43-cc80-4f68-b206-d92d91847686]: BUSY"}}
[debug] [2021-05-24T08:12:07.158Z] [worker-~diagnostic~-2e4d8a01-cd07-49cf-80d7-ad3d75803da3]: exited {"metadata":{"emulator":{"name":"functions"},"message":"[worker-~diagnostic~-2e4d8a01-cd07-49cf-80d7-ad3d75803da3]: exited"}}
[debug] [2021-05-24T08:12:07.158Z] [worker-~diagnostic~-2e4d8a01-cd07-49cf-80d7-ad3d75803da3]: FINISHED {"metadata":{"emulator":{"name":"functions"},"message":"[worker-~diagnostic~-2e4d8a01-cd07-49cf-80d7-ad3d75803da3]: FINISHED"}}
[debug] [2021-05-24T08:12:08.000Z] [runtime-status] [16020] Functions runtime initialized. {"cwd":"D:\\Projects\\Meals-App\\functions","node_version":"14.16.1"} {"metadata":{"emulator":{"name":"functions"},"message":"[runtime-status] [16020] Functions runtime initialized. {\"cwd\":\"D:\\\\Projects\\\\Meals-App\\\\functions\",\"node_version\":\"14.16.1\"}"}}
[debug] [2021-05-24T08:12:08.012Z] [runtime-status] [16020] Disabled runtime features: undefined {"metadata":{"emulator":{"name":"functions"},"message":"[runtime-status] [16020] Disabled runtime features: undefined"}}
[debug] [2021-05-24T08:12:08.024Z] [runtime-status] [16020] Resolved module firebase-admin {"declared":true,"installed":true,"version":"9.8.0","resolution":"D:\\Projects\\Meals-App\\functions\\node_modules\\firebase-admin\\lib\\index.js"} {"metadata":{"emulator":{"name":"functions"},"message":"[runtime-status] [16020] Resolved module firebase-admin {\"declared\":true,\"installed\":true,\"version\":\"9.8.0\",\"resolution\":\"D:\\\\Projects\\\\Meals-App\\\\functions\\\\node_modules\\\\firebase-admin\\\\lib\\\\index.js\"}"}}
[debug] [2021-05-24T08:12:08.031Z] [runtime-status] [16020] Resolved module firebase-functions {"declared":true,"installed":true,"version":"3.14.1","resolution":"D:\\Projects\\Meals-App\\functions\\node_modules\\firebase-functions\\lib\\index.js"} {"metadata":{"emulator":{"name":"functions"},"message":"[runtime-status] [16020] Resolved module firebase-functions {\"declared\":true,\"installed\":true,\"version\":\"3.14.1\",\"resolution\":\"D:\\\\Projects\\\\Meals-App\\\\functions\\\\node_modules\\\\firebase-functions\\\\lib\\\\index.js\"}"}}
[debug] [2021-05-24T08:12:08.034Z] [runtime-status] [16020] Resolved module firebase-functions {"declared":true,"installed":true,"version":"3.14.1","resolution":"D:\\Projects\\Meals-App\\functions\\node_modules\\firebase-functions\\lib\\index.js"} {"metadata":{"emulator":{"name":"functions"},"message":"[runtime-status] [16020] Resolved module firebase-functions {\"declared\":true,\"installed\":true,\"version\":\"3.14.1\",\"resolution\":\"D:\\\\Projects\\\\Meals-App\\\\functions\\\\node_modules\\\\firebase-functions\\\\lib\\\\index.js\"}"}}
[debug] [2021-05-24T08:12:08.037Z] [runtime-status] [16020] Outgoing network have been stubbed. [{"name":"http","status":"mocked"},{"name":"http","status":"mocked"},{"name":"https","status":"mocked"},{"name":"https","status":"mocked"},{"name":"net","status":"mocked"}] {"metadata":{"emulator":{"name":"functions"},"message":"[runtime-status] [16020] Outgoing network have been stubbed. [{\"name\":\"http\",\"status\":\"mocked\"},{\"name\":\"http\",\"status\":\"mocked\"},{\"name\":\"https\",\"status\":\"mocked\"},{\"name\":\"https\",\"status\":\"mocked\"},{\"name\":\"net\",\"status\":\"mocked\"}]"}}
[debug] [2021-05-24T08:12:08.039Z] [runtime-status] [16020] Resolved module firebase-functions {"declared":true,"installed":true,"version":"3.14.1","resolution":"D:\\Projects\\Meals-App\\functions\\node_modules\\firebase-functions\\lib\\index.js"} {"metadata":{"emulator":{"name":"functions"},"message":"[runtime-status] [16020] Resolved module firebase-functions {\"declared\":true,\"installed\":true,\"version\":\"3.14.1\",\"resolution\":\"D:\\\\Projects\\\\Meals-App\\\\functions\\\\node_modules\\\\firebase-functions\\\\lib\\\\index.js\"}"}}
[debug] [2021-05-24T08:12:08.192Z] [runtime-status] [16020] Checked functions.config() {"config":{}} {"metadata":{"emulator":{"name":"functions"},"message":"[runtime-status] [16020] Checked functions.config() {\"config\":{}}"}}
[debug] [2021-05-24T08:12:08.193Z] [runtime-status] [16020] firebase-functions has been stubbed. {"functionsResolution":{"declared":true,"installed":true,"version":"3.14.1","resolution":"D:\\Projects\\Meals-App\\functions\\node_modules\\firebase-functions\\lib\\index.js"}} {"metadata":{"emulator":{"name":"functions"},"message":"[runtime-status] [16020] firebase-functions has been stubbed. {\"functionsResolution\":{\"declared\":true,\"installed\":true,\"version\":\"3.14.1\",\"resolution\":\"D:\\\\Projects\\\\Meals-App\\\\functions\\\\node_modules\\\\firebase-functions\\\\lib\\\\index.js\"}}"}}
[debug] [2021-05-24T08:12:08.195Z] [runtime-status] [16020] Resolved module firebase-functions {"declared":true,"installed":true,"version":"3.14.1","resolution":"D:\\Projects\\Meals-App\\functions\\node_modules\\firebase-functions\\lib\\index.js"} {"metadata":{"emulator":{"name":"functions"},"message":"[runtime-status] [16020] Resolved module firebase-functions {\"declared\":true,\"installed\":true,\"version\":\"3.14.1\",\"resolution\":\"D:\\\\Projects\\\\Meals-App\\\\functions\\\\node_modules\\\\firebase-functions\\\\lib\\\\index.js\"}"}}
[debug] [2021-05-24T08:12:08.200Z] [runtime-status] [16020] Resolved module firebase-admin {"declared":true,"installed":true,"version":"9.8.0","resolution":"D:\\Projects\\Meals-App\\functions\\node_modules\\firebase-admin\\lib\\index.js"} {"metadata":{"emulator":{"name":"functions"},"message":"[runtime-status] [16020] Resolved module firebase-admin {\"declared\":true,\"installed\":true,\"version\":\"9.8.0\",\"resolution\":\"D:\\\\Projects\\\\Meals-App\\\\functions\\\\node_modules\\\\firebase-admin\\\\lib\\\\index.js\"}"}}
[debug] [2021-05-24T08:12:08.202Z] [runtime-status] [16020] Resolved module firebase-functions {"declared":true,"installed":true,"version":"3.14.1","resolution":"D:\\Projects\\Meals-App\\functions\\node_modules\\firebase-functions\\lib\\index.js"} {"metadata":{"emulator":{"name":"functions"},"message":"[runtime-status] [16020] Resolved module firebase-functions {\"declared\":true,\"installed\":true,\"version\":\"3.14.1\",\"resolution\":\"D:\\\\Projects\\\\Meals-App\\\\functions\\\\node_modules\\\\firebase-functions\\\\lib\\\\index.js\"}"}}
[debug] [2021-05-24T08:12:08.202Z] [runtime-status] [16020] firebase-admin has been stubbed. {"adminResolution":{"declared":true,"installed":true,"version":"9.8.0","resolution":"D:\\Projects\\Meals-App\\functions\\node_modules\\firebase-admin\\lib\\index.js"}} {"metadata":{"emulator":{"name":"functions"},"message":"[runtime-status] [16020] firebase-admin has been stubbed. {\"adminResolution\":{\"declared\":true,\"installed\":true,\"version\":\"9.8.0\",\"resolution\":\"D:\\\\Projects\\\\Meals-App\\\\functions\\\\node_modules\\\\firebase-admin\\\\lib\\\\index.js\"}}"}}
[debug] [2021-05-24T08:12:08.209Z] [worker-~diagnostic~-f4a5db43-cc80-4f68-b206-d92d91847686]: IDLE {"metadata":{"emulator":{"name":"functions"},"message":"[worker-~diagnostic~-f4a5db43-cc80-4f68-b206-d92d91847686]: IDLE"}}
[debug] [2021-05-24T08:12:11.824Z] File D:\Projects\Meals-App\functions\index.js changed, reloading triggers {"metadata":{"emulator":{"name":"functions"},"message":"File D:\\Projects\\Meals-App\\functions\\index.js changed, reloading triggers"}}
[debug] [2021-05-24T08:12:12.824Z] [worker-pool] Shutting down IDLE worker (~diagnostic~) {"metadata":{"emulator":{"name":"functions"},"message":"[worker-pool] Shutting down IDLE worker (~diagnostic~)"}}
[debug] [2021-05-24T08:12:12.825Z] [worker-~diagnostic~-f4a5db43-cc80-4f68-b206-d92d91847686]: FINISHING {"metadata":{"emulator":{"name":"functions"},"message":"[worker-~diagnostic~-f4a5db43-cc80-4f68-b206-d92d91847686]: FINISHING"}}
[debug] [2021-05-24T08:12:12.825Z] [worker-pool] Cleaned up workers for ~diagnostic~: 2 --> 1 {"metadata":{"emulator":{"name":"functions"},"message":"[worker-pool] Cleaned up workers for ~diagnostic~: 2 --> 1"}}
[debug] [2021-05-24T08:12:12.842Z] [worker-pool] addWorker(~diagnostic~) {"metadata":{"emulator":{"name":"functions"},"message":"[worker-pool] addWorker(~diagnostic~)"}}
[debug] [2021-05-24T08:12:12.842Z] [worker-pool] Adding worker with key ~diagnostic~, total=2 {"metadata":{"emulator":{"name":"functions"},"message":"[worker-pool] Adding worker with key ~diagnostic~, total=2"}}
[debug] [2021-05-24T08:12:12.842Z] [worker-pool] submitWork(triggerId=) {"metadata":{"emulator":{"name":"functions"},"message":"[worker-pool] submitWork(triggerId=)"}}
[debug] [2021-05-24T08:12:12.843Z] [worker-~diagnostic~-a8da81f5-f5d0-4dc7-8728-dff4b82f9bd6]: Assigning socketPath: \\?\pipe\D:\Projects\Meals-App\functions\14812 {"metadata":{"emulator":{"name":"functions"},"message":"[worker-~diagnostic~-a8da81f5-f5d0-4dc7-8728-dff4b82f9bd6]: Assigning socketPath: \\\\?\\pipe\\D:\\Projects\\Meals-App\\functions\\14812"}}
[debug] [2021-05-24T08:12:12.843Z] [worker-~diagnostic~-a8da81f5-f5d0-4dc7-8728-dff4b82f9bd6]: BUSY {"metadata":{"emulator":{"name":"functions"},"message":"[worker-~diagnostic~-a8da81f5-f5d0-4dc7-8728-dff4b82f9bd6]: BUSY"}}
[debug] [2021-05-24T08:12:12.847Z] [worker-~diagnostic~-f4a5db43-cc80-4f68-b206-d92d91847686]: exited {"metadata":{"emulator":{"name":"functions"},"message":"[worker-~diagnostic~-f4a5db43-cc80-4f68-b206-d92d91847686]: exited"}}
[debug] [2021-05-24T08:12:12.847Z] [worker-~diagnostic~-f4a5db43-cc80-4f68-b206-d92d91847686]: FINISHED {"metadata":{"emulator":{"name":"functions"},"message":"[worker-~diagnostic~-f4a5db43-cc80-4f68-b206-d92d91847686]: FINISHED"}}
[debug] [2021-05-24T08:12:13.312Z] [runtime-status] [14812] Functions runtime initialized. {"cwd":"D:\\Projects\\Meals-App\\functions","node_version":"14.16.1"} {"metadata":{"emulator":{"name":"functions"},"message":"[runtime-status] [14812] Functions runtime initialized. {\"cwd\":\"D:\\\\Projects\\\\Meals-App\\\\functions\",\"node_version\":\"14.16.1\"}"}}
[debug] [2021-05-24T08:12:13.315Z] [runtime-status] [14812] Disabled runtime features: undefined {"metadata":{"emulator":{"name":"functions"},"message":"[runtime-status] [14812] Disabled runtime features: undefined"}}
[debug] [2021-05-24T08:12:13.322Z] [runtime-status] [14812] Resolved module firebase-admin {"declared":true,"installed":true,"version":"9.8.0","resolution":"D:\\Projects\\Meals-App\\functions\\node_modules\\firebase-admin\\lib\\index.js"} {"metadata":{"emulator":{"name":"functions"},"message":"[runtime-status] [14812] Resolved module firebase-admin {\"declared\":true,\"installed\":true,\"version\":\"9.8.0\",\"resolution\":\"D:\\\\Projects\\\\Meals-App\\\\functions\\\\node_modules\\\\firebase-admin\\\\lib\\\\index.js\"}"}}
[debug] [2021-05-24T08:12:13.324Z] [runtime-status] [14812] Resolved module firebase-functions {"declared":true,"installed":true,"version":"3.14.1","resolution":"D:\\Projects\\Meals-App\\functions\\node_modules\\firebase-functions\\lib\\index.js"} {"metadata":{"emulator":{"name":"functions"},"message":"[runtime-status] [14812] Resolved module firebase-functions {\"declared\":true,\"installed\":true,\"version\":\"3.14.1\",\"resolution\":\"D:\\\\Projects\\\\Meals-App\\\\functions\\\\node_modules\\\\firebase-functions\\\\lib\\\\index.js\"}"}}
[debug] [2021-05-24T08:12:13.327Z] [runtime-status] [14812] Resolved module firebase-functions {"declared":true,"installed":true,"version":"3.14.1","resolution":"D:\\Projects\\Meals-App\\functions\\node_modules\\firebase-functions\\lib\\index.js"} {"metadata":{"emulator":{"name":"functions"},"message":"[runtime-status] [14812] Resolved module firebase-functions {\"declared\":true,\"installed\":true,\"version\":\"3.14.1\",\"resolution\":\"D:\\\\Projects\\\\Meals-App\\\\functions\\\\node_modules\\\\firebase-functions\\\\lib\\\\index.js\"}"}}
[debug] [2021-05-24T08:12:13.329Z] [runtime-status] [14812] Outgoing network have been stubbed. [{"name":"http","status":"mocked"},{"name":"http","status":"mocked"},{"name":"https","status":"mocked"},{"name":"https","status":"mocked"},{"name":"net","status":"mocked"}] {"metadata":{"emulator":{"name":"functions"},"message":"[runtime-status] [14812] Outgoing network have been stubbed. [{\"name\":\"http\",\"status\":\"mocked\"},{\"name\":\"http\",\"status\":\"mocked\"},{\"name\":\"https\",\"status\":\"mocked\"},{\"name\":\"https\",\"status\":\"mocked\"},{\"name\":\"net\",\"status\":\"mocked\"}]"}}
[debug] [2021-05-24T08:12:13.330Z] [runtime-status] [14812] Resolved module firebase-functions {"declared":true,"installed":true,"version":"3.14.1","resolution":"D:\\Projects\\Meals-App\\functions\\node_modules\\firebase-functions\\lib\\index.js"} {"metadata":{"emulator":{"name":"functions"},"message":"[runtime-status] [14812] Resolved module firebase-functions {\"declared\":true,\"installed\":true,\"version\":\"3.14.1\",\"resolution\":\"D:\\\\Projects\\\\Meals-App\\\\functions\\\\node_modules\\\\firebase-functions\\\\lib\\\\index.js\"}"}}
[debug] [2021-05-24T08:12:13.445Z] [runtime-status] [14812] Checked functions.config() {"config":{}} {"metadata":{"emulator":{"name":"functions"},"message":"[runtime-status] [14812] Checked functions.config() {\"config\":{}}"}}
[debug] [2021-05-24T08:12:13.445Z] [runtime-status] [14812] firebase-functions has been stubbed. {"functionsResolution":{"declared":true,"installed":true,"version":"3.14.1","resolution":"D:\\Projects\\Meals-App\\functions\\node_modules\\firebase-functions\\lib\\index.js"}} {"metadata":{"emulator":{"name":"functions"},"message":"[runtime-status] [14812] firebase-functions has been stubbed. {\"functionsResolution\":{\"declared\":true,\"installed\":true,\"version\":\"3.14.1\",\"resolution\":\"D:\\\\Projects\\\\Meals-App\\\\functions\\\\node_modules\\\\firebase-functions\\\\lib\\\\index.js\"}}"}}
[debug] [2021-05-24T08:12:13.447Z] [runtime-status] [14812] Resolved module firebase-functions {"declared":true,"installed":true,"version":"3.14.1","resolution":"D:\\Projects\\Meals-App\\functions\\node_modules\\firebase-functions\\lib\\index.js"} {"metadata":{"emulator":{"name":"functions"},"message":"[runtime-status] [14812] Resolved module firebase-functions {\"declared\":true,\"installed\":true,\"version\":\"3.14.1\",\"resolution\":\"D:\\\\Projects\\\\Meals-App\\\\functions\\\\node_modules\\\\firebase-functions\\\\lib\\\\index.js\"}"}}
[debug] [2021-05-24T08:12:13.451Z] [runtime-status] [14812] Resolved module firebase-admin {"declared":true,"installed":true,"version":"9.8.0","resolution":"D:\\Projects\\Meals-App\\functions\\node_modules\\firebase-admin\\lib\\index.js"} {"metadata":{"emulator":{"name":"functions"},"message":"[runtime-status] [14812] Resolved module firebase-admin {\"declared\":true,\"installed\":true,\"version\":\"9.8.0\",\"resolution\":\"D:\\\\Projects\\\\Meals-App\\\\functions\\\\node_modules\\\\firebase-admin\\\\lib\\\\index.js\"}"}}
[debug] [2021-05-24T08:12:13.453Z] [runtime-status] [14812] Resolved module firebase-functions {"declared":true,"installed":true,"version":"3.14.1","resolution":"D:\\Projects\\Meals-App\\functions\\node_modules\\firebase-functions\\lib\\index.js"} {"metadata":{"emulator":{"name":"functions"},"message":"[runtime-status] [14812] Resolved module firebase-functions {\"declared\":true,\"installed\":true,\"version\":\"3.14.1\",\"resolution\":\"D:\\\\Projects\\\\Meals-App\\\\functions\\\\node_modules\\\\firebase-functions\\\\lib\\\\index.js\"}"}}
[debug] [2021-05-24T08:12:13.453Z] [runtime-status] [14812] firebase-admin has been stubbed. {"adminResolution":{"declared":true,"installed":true,"version":"9.8.0","resolution":"D:\\Projects\\Meals-App\\functions\\node_modules\\firebase-admin\\lib\\index.js"}} {"metadata":{"emulator":{"name":"functions"},"message":"[runtime-status] [14812] firebase-admin has been stubbed. {\"adminResolution\":{\"declared\":true,\"installed\":true,\"version\":\"9.8.0\",\"resolution\":\"D:\\\\Projects\\\\Meals-App\\\\functions\\\\node_modules\\\\firebase-admin\\\\lib\\\\index.js\"}}"}}
[debug] [2021-05-24T08:12:13.460Z] [worker-~diagnostic~-a8da81f5-f5d0-4dc7-8728-dff4b82f9bd6]: IDLE {"metadata":{"emulator":{"name":"functions"},"message":"[worker-~diagnostic~-a8da81f5-f5d0-4dc7-8728-dff4b82f9bd6]: IDLE"}}
[debug] [2021-05-24T08:13:03.603Z] File D:\Projects\Meals-App\functions\geocde\index.js changed, reloading triggers {"metadata":{"emulator":{"name":"functions"},"message":"File D:\\Projects\\Meals-App\\functions\\geocde\\index.js changed, reloading triggers"}}
[debug] [2021-05-24T08:13:04.604Z] [worker-pool] Shutting down IDLE worker (~diagnostic~) {"metadata":{"emulator":{"name":"functions"},"message":"[worker-pool] Shutting down IDLE worker (~diagnostic~)"}}
[debug] [2021-05-24T08:13:04.605Z] [worker-~diagnostic~-a8da81f5-f5d0-4dc7-8728-dff4b82f9bd6]: FINISHING {"metadata":{"emulator":{"name":"functions"},"message":"[worker-~diagnostic~-a8da81f5-f5d0-4dc7-8728-dff4b82f9bd6]: FINISHING"}}
[debug] [2021-05-24T08:13:04.606Z] [worker-pool] Cleaned up workers for ~diagnostic~: 2 --> 1 {"metadata":{"emulator":{"name":"functions"},"message":"[worker-pool] Cleaned up workers for ~diagnostic~: 2 --> 1"}}
[debug] [2021-05-24T08:13:04.635Z] [worker-pool] addWorker(~diagnostic~) {"metadata":{"emulator":{"name":"functions"},"message":"[worker-pool] addWorker(~diagnostic~)"}}
[debug] [2021-05-24T08:13:04.636Z] [worker-pool] Adding worker with key ~diagnostic~, total=2 {"metadata":{"emulator":{"name":"functions"},"message":"[worker-pool] Adding worker with key ~diagnostic~, total=2"}}
[debug] [2021-05-24T08:13:04.636Z] [worker-pool] submitWork(triggerId=) {"metadata":{"emulator":{"name":"functions"},"message":"[worker-pool] submitWork(triggerId=)"}}
[debug] [2021-05-24T08:13:04.636Z] [worker-~diagnostic~-2aaa4b06-d72a-4f4f-a9ab-6671efdfb11a]: Assigning socketPath: \\?\pipe\D:\Projects\Meals-App\functions\17884 {"metadata":{"emulator":{"name":"functions"},"message":"[worker-~diagnostic~-2aaa4b06-d72a-4f4f-a9ab-6671efdfb11a]: Assigning socketPath: \\\\?\\pipe\\D:\\Projects\\Meals-App\\functions\\17884"}}
[debug] [2021-05-24T08:13:04.636Z] [worker-~diagnostic~-2aaa4b06-d72a-4f4f-a9ab-6671efdfb11a]: BUSY {"metadata":{"emulator":{"name":"functions"},"message":"[worker-~diagnostic~-2aaa4b06-d72a-4f4f-a9ab-6671efdfb11a]: BUSY"}}
[debug] [2021-05-24T08:13:04.639Z] [worker-~diagnostic~-a8da81f5-f5d0-4dc7-8728-dff4b82f9bd6]: exited {"metadata":{"emulator":{"name":"functions"},"message":"[worker-~diagnostic~-a8da81f5-f5d0-4dc7-8728-dff4b82f9bd6]: exited"}}
[debug] [2021-05-24T08:13:04.640Z] [worker-~diagnostic~-a8da81f5-f5d0-4dc7-8728-dff4b82f9bd6]: FINISHED {"metadata":{"emulator":{"name":"functions"},"message":"[worker-~diagnostic~-a8da81f5-f5d0-4dc7-8728-dff4b82f9bd6]: FINISHED"}}
[debug] [2021-05-24T08:13:05.119Z] [runtime-status] [17884] Functions runtime initialized. {"cwd":"D:\\Projects\\Meals-App\\functions","node_version":"14.16.1"} {"metadata":{"emulator":{"name":"functions"},"message":"[runtime-status] [17884] Functions runtime initialized. {\"cwd\":\"D:\\\\Projects\\\\Meals-App\\\\functions\",\"node_version\":\"14.16.1\"}"}}
[debug] [2021-05-24T08:13:05.122Z] [runtime-status] [17884] Disabled runtime features: undefined {"metadata":{"emulator":{"name":"functions"},"message":"[runtime-status] [17884] Disabled runtime features: undefined"}}
[debug] [2021-05-24T08:13:05.129Z] [runtime-status] [17884] Resolved module firebase-admin {"declared":true,"installed":true,"version":"9.8.0","resolution":"D:\\Projects\\Meals-App\\functions\\node_modules\\firebase-admin\\lib\\index.js"} {"metadata":{"emulator":{"name":"functions"},"message":"[runtime-status] [17884] Resolved module firebase-admin {\"declared\":true,\"installed\":true,\"version\":\"9.8.0\",\"resolution\":\"D:\\\\Projects\\\\Meals-App\\\\functions\\\\node_modules\\\\firebase-admin\\\\lib\\\\index.js\"}"}}
[debug] [2021-05-24T08:13:05.131Z] [runtime-status] [17884] Resolved module firebase-functions {"declared":true,"installed":true,"version":"3.14.1","resolution":"D:\\Projects\\Meals-App\\functions\\node_modules\\firebase-functions\\lib\\index.js"} {"metadata":{"emulator":{"name":"functions"},"message":"[runtime-status] [17884] Resolved module firebase-functions {\"declared\":true,\"installed\":true,\"version\":\"3.14.1\",\"resolution\":\"D:\\\\Projects\\\\Meals-App\\\\functions\\\\node_modules\\\\firebase-functions\\\\lib\\\\index.js\"}"}}
[debug] [2021-05-24T08:13:05.135Z] [runtime-status] [17884] Resolved module firebase-functions {"declared":true,"installed":true,"version":"3.14.1","resolution":"D:\\Projects\\Meals-App\\functions\\node_modules\\firebase-functions\\lib\\index.js"} {"metadata":{"emulator":{"name":"functions"},"message":"[runtime-status] [17884] Resolved module firebase-functions {\"declared\":true,\"installed\":true,\"version\":\"3.14.1\",\"resolution\":\"D:\\\\Projects\\\\Meals-App\\\\functions\\\\node_modules\\\\firebase-functions\\\\lib\\\\index.js\"}"}}
[debug] [2021-05-24T08:13:05.139Z] [runtime-status] [17884] Outgoing network have been stubbed. [{"name":"http","status":"mocked"},{"name":"http","status":"mocked"},{"name":"https","status":"mocked"},{"name":"https","status":"mocked"},{"name":"net","status":"mocked"}] {"metadata":{"emulator":{"name":"functions"},"message":"[runtime-status] [17884] Outgoing network have been stubbed. [{\"name\":\"http\",\"status\":\"mocked\"},{\"name\":\"http\",\"status\":\"mocked\"},{\"name\":\"https\",\"status\":\"mocked\"},{\"name\":\"https\",\"status\":\"mocked\"},{\"name\":\"net\",\"status\":\"mocked\"}]"}}
[debug] [2021-05-24T08:13:05.140Z] [runtime-status] [17884] Resolved module firebase-functions {"declared":true,"installed":true,"version":"3.14.1","resolution":"D:\\Projects\\Meals-App\\functions\\node_modules\\firebase-functions\\lib\\index.js"} {"metadata":{"emulator":{"name":"functions"},"message":"[runtime-status] [17884] Resolved module firebase-functions {\"declared\":true,\"installed\":true,\"version\":\"3.14.1\",\"resolution\":\"D:\\\\Projects\\\\Meals-App\\\\functions\\\\node_modules\\\\firebase-functions\\\\lib\\\\index.js\"}"}}
[debug] [2021-05-24T08:13:05.213Z] [runtime-status] [17884] Checked functions.config() {"config":{}} {"metadata":{"emulator":{"name":"functions"},"message":"[runtime-status] [17884] Checked functions.config() {\"config\":{}}"}}
[debug] [2021-05-24T08:13:05.213Z] [runtime-status] [17884] firebase-functions has been stubbed. {"functionsResolution":{"declared":true,"installed":true,"version":"3.14.1","resolution":"D:\\Projects\\Meals-App\\functions\\node_modules\\firebase-functions\\lib\\index.js"}} {"metadata":{"emulator":{"name":"functions"},"message":"[runtime-status] [17884] firebase-functions has been stubbed. {\"functionsResolution\":{\"declared\":true,\"installed\":true,\"version\":\"3.14.1\",\"resolution\":\"D:\\\\Projects\\\\Meals-App\\\\functions\\\\node_modules\\\\firebase-functions\\\\lib\\\\index.js\"}}"}}
[debug] [2021-05-24T08:13:05.214Z] [runtime-status] [17884] Resolved module firebase-functions {"declared":true,"installed":true,"version":"3.14.1","resolution":"D:\\Projects\\Meals-App\\functions\\node_modules\\firebase-functions\\lib\\index.js"} {"metadata":{"emulator":{"name":"functions"},"message":"[runtime-status] [17884] Resolved module firebase-functions {\"declared\":true,\"installed\":true,\"version\":\"3.14.1\",\"resolution\":\"D:\\\\Projects\\\\Meals-App\\\\functions\\\\node_modules\\\\firebase-functions\\\\lib\\\\index.js\"}"}}
[debug] [2021-05-24T08:13:05.216Z] [runtime-status] [17884] Resolved module firebase-admin {"declared":true,"installed":true,"version":"9.8.0","resolution":"D:\\Projects\\Meals-App\\functions\\node_modules\\firebase-admin\\lib\\index.js"} {"metadata":{"emulator":{"name":"functions"},"message":"[runtime-status] [17884] Resolved module firebase-admin {\"declared\":true,\"installed\":true,\"version\":\"9.8.0\",\"resolution\":\"D:\\\\Projects\\\\Meals-App\\\\functions\\\\node_modules\\\\firebase-admin\\\\lib\\\\index.js\"}"}}
[debug] [2021-05-24T08:13:05.217Z] [runtime-status] [17884] Resolved module firebase-functions {"declared":true,"installed":true,"version":"3.14.1","resolution":"D:\\Projects\\Meals-App\\functions\\node_modules\\firebase-functions\\lib\\index.js"} {"metadata":{"emulator":{"name":"functions"},"message":"[runtime-status] [17884] Resolved module firebase-functions {\"declared\":true,\"installed\":true,\"version\":\"3.14.1\",\"resolution\":\"D:\\\\Projects\\\\Meals-App\\\\functions\\\\node_modules\\\\firebase-functions\\\\lib\\\\index.js\"}"}}
[debug] [2021-05-24T08:13:05.217Z] [runtime-status] [17884] firebase-admin has been stubbed. {"adminResolution":{"declared":true,"installed":true,"version":"9.8.0","resolution":"D:\\Projects\\Meals-App\\functions\\node_modules\\firebase-admin\\lib\\index.js"}} {"metadata":{"emulator":{"name":"functions"},"message":"[runtime-status] [17884] firebase-admin has been stubbed. {\"adminResolution\":{\"declared\":true,\"installed\":true,\"version\":\"9.8.0\",\"resolution\":\"D:\\\\Projects\\\\Meals-App\\\\functions\\\\node_modules\\\\firebase-admin\\\\lib\\\\index.js\"}}"}}
[debug] [2021-05-24T08:13:05.221Z] [worker-~diagnostic~-2aaa4b06-d72a-4f4f-a9ab-6671efdfb11a]: IDLE {"metadata":{"emulator":{"name":"functions"},"message":"[worker-~diagnostic~-2aaa4b06-d72a-4f4f-a9ab-6671efdfb11a]: IDLE"}}
[debug] [2021-05-24T08:13:42.792Z] [work-queue] {"queueLength":1,"workRunningCount":0}
[debug] [2021-05-24T08:13:42.793Z] [work-queue] {"queueLength":0,"workRunningCount":1}
[debug] [2021-05-24T08:13:42.793Z] Accepted request GET /mealstogo-62b2f/us-central1/geocode --> geocode
[debug] [2021-05-24T08:13:42.794Z] [worker-pool] Cleaned up workers for ~diagnostic~: 2 --> 1 {"metadata":{"emulator":{"name":"functions"},"message":"[worker-pool] Cleaned up workers for ~diagnostic~: 2 --> 1"}}
[debug] [2021-05-24T08:13:42.810Z] [worker-pool] addWorker(geocode) {"metadata":{"emulator":{"name":"functions"},"message":"[worker-pool] addWorker(geocode)"}}
[debug] [2021-05-24T08:13:42.810Z] [worker-pool] Adding worker with key geocode, total=1 {"metadata":{"emulator":{"name":"functions"},"message":"[worker-pool] Adding worker with key geocode, total=1"}}
[debug] [2021-05-24T08:13:42.811Z] [worker-pool] submitWork(triggerId=geocode) {"metadata":{"emulator":{"name":"functions"},"message":"[worker-pool] submitWork(triggerId=geocode)"}}
[debug] [2021-05-24T08:13:42.811Z] [worker-geocode-6ef9ad68-f873-4cc2-8f03-82188fc40efe]: Assigning socketPath: \\?\pipe\D:\Projects\Meals-App\functions\16800 {"metadata":{"emulator":{"name":"functions"},"message":"[worker-geocode-6ef9ad68-f873-4cc2-8f03-82188fc40efe]: Assigning socketPath: \\\\?\\pipe\\D:\\Projects\\Meals-App\\functions\\16800"}}
[debug] [2021-05-24T08:13:42.811Z] [worker-geocode-6ef9ad68-f873-4cc2-8f03-82188fc40efe]: BUSY {"metadata":{"emulator":{"name":"functions"},"message":"[worker-geocode-6ef9ad68-f873-4cc2-8f03-82188fc40efe]: BUSY"}}
[debug] [2021-05-24T08:13:43.369Z] [runtime-status] [16800] Functions runtime initialized. {"cwd":"D:\\Projects\\Meals-App\\functions","node_version":"14.16.1"} {"metadata":{"emulator":{"name":"functions"},"function":{"name":"geocode"},"message":"[runtime-status] [16800] Functions runtime initialized. {\"cwd\":\"D:\\\\Projects\\\\Meals-App\\\\functions\",\"node_version\":\"14.16.1\"}"}}
[debug] [2021-05-24T08:13:43.372Z] [runtime-status] [16800] Disabled runtime features: undefined {"metadata":{"emulator":{"name":"functions"},"function":{"name":"geocode"},"message":"[runtime-status] [16800] Disabled runtime features: undefined"}}
[debug] [2021-05-24T08:13:43.382Z] [runtime-status] [16800] Resolved module firebase-admin {"declared":true,"installed":true,"version":"9.8.0","resolution":"D:\\Projects\\Meals-App\\functions\\node_modules\\firebase-admin\\lib\\index.js"} {"metadata":{"emulator":{"name":"functions"},"function":{"name":"geocode"},"message":"[runtime-status] [16800] Resolved module firebase-admin {\"declared\":true,\"installed\":true,\"version\":\"9.8.0\",\"resolution\":\"D:\\\\Projects\\\\Meals-App\\\\functions\\\\node_modules\\\\firebase-admin\\\\lib\\\\index.js\"}"}}
[debug] [2021-05-24T08:13:43.386Z] [runtime-status] [16800] Resolved module firebase-functions {"declared":true,"installed":true,"version":"3.14.1","resolution":"D:\\Projects\\Meals-App\\functions\\node_modules\\firebase-functions\\lib\\index.js"} {"metadata":{"emulator":{"name":"functions"},"function":{"name":"geocode"},"message":"[runtime-status] [16800] Resolved module firebase-functions {\"declared\":true,\"installed\":true,\"version\":\"3.14.1\",\"resolution\":\"D:\\\\Projects\\\\Meals-App\\\\functions\\\\node_modules\\\\firebase-functions\\\\lib\\\\index.js\"}"}}
[debug] [2021-05-24T08:13:43.389Z] [runtime-status] [16800] Resolved module firebase-functions {"declared":true,"installed":true,"version":"3.14.1","resolution":"D:\\Projects\\Meals-App\\functions\\node_modules\\firebase-functions\\lib\\index.js"} {"metadata":{"emulator":{"name":"functions"},"function":{"name":"geocode"},"message":"[runtime-status] [16800] Resolved module firebase-functions {\"declared\":true,\"installed\":true,\"version\":\"3.14.1\",\"resolution\":\"D:\\\\Projects\\\\Meals-App\\\\functions\\\\node_modules\\\\firebase-functions\\\\lib\\\\index.js\"}"}}
[debug] [2021-05-24T08:13:43.394Z] [runtime-status] [16800] Outgoing network have been stubbed. [{"name":"http","status":"mocked"},{"name":"http","status":"mocked"},{"name":"https","status":"mocked"},{"name":"https","status":"mocked"},{"name":"net","status":"mocked"}] {"metadata":{"emulator":{"name":"functions"},"function":{"name":"geocode"},"message":"[runtime-status] [16800] Outgoing network have been stubbed. [{\"name\":\"http\",\"status\":\"mocked\"},{\"name\":\"http\",\"status\":\"mocked\"},{\"name\":\"https\",\"status\":\"mocked\"},{\"name\":\"https\",\"status\":\"mocked\"},{\"name\":\"net\",\"status\":\"mocked\"}]"}}
[debug] [2021-05-24T08:13:43.396Z] [runtime-status] [16800] Resolved module firebase-functions {"declared":true,"installed":true,"version":"3.14.1","resolution":"D:\\Projects\\Meals-App\\functions\\node_modules\\firebase-functions\\lib\\index.js"} {"metadata":{"emulator":{"name":"functions"},"function":{"name":"geocode"},"message":"[runtime-status] [16800] Resolved module firebase-functions {\"declared\":true,\"installed\":true,\"version\":\"3.14.1\",\"resolution\":\"D:\\\\Projects\\\\Meals-App\\\\functions\\\\node_modules\\\\firebase-functions\\\\lib\\\\index.js\"}"}}
[debug] [2021-05-24T08:13:43.480Z] [runtime-status] [16800] Checked functions.config() {"config":{}} {"metadata":{"emulator":{"name":"functions"},"function":{"name":"geocode"},"message":"[runtime-status] [16800] Checked functions.config() {\"config\":{}}"}}
[debug] [2021-05-24T08:13:43.480Z] [runtime-status] [16800] firebase-functions has been stubbed. {"functionsResolution":{"declared":true,"installed":true,"version":"3.14.1","resolution":"D:\\Projects\\Meals-App\\functions\\node_modules\\firebase-functions\\lib\\index.js"}} {"metadata":{"emulator":{"name":"functions"},"function":{"name":"geocode"},"message":"[runtime-status] [16800] firebase-functions has been stubbed. {\"functionsResolution\":{\"declared\":true,\"installed\":true,\"version\":\"3.14.1\",\"resolution\":\"D:\\\\Projects\\\\Meals-App\\\\functions\\\\node_modules\\\\firebase-functions\\\\lib\\\\index.js\"}}"}}
[debug] [2021-05-24T08:13:43.481Z] [runtime-status] [16800] Resolved module firebase-functions {"declared":true,"installed":true,"version":"3.14.1","resolution":"D:\\Projects\\Meals-App\\functions\\node_modules\\firebase-functions\\lib\\index.js"} {"metadata":{"emulator":{"name":"functions"},"function":{"name":"geocode"},"message":"[runtime-status] [16800] Resolved module firebase-functions {\"declared\":true,\"installed\":true,\"version\":\"3.14.1\",\"resolution\":\"D:\\\\Projects\\\\Meals-App\\\\functions\\\\node_modules\\\\firebase-functions\\\\lib\\\\index.js\"}"}}
[debug] [2021-05-24T08:13:43.482Z] [runtime-status] [16800] Resolved module firebase-admin {"declared":true,"installed":true,"version":"9.8.0","resolution":"D:\\Projects\\Meals-App\\functions\\node_modules\\firebase-admin\\lib\\index.js"} {"metadata":{"emulator":{"name":"functions"},"function":{"name":"geocode"},"message":"[runtime-status] [16800] Resolved module firebase-admin {\"declared\":true,\"installed\":true,\"version\":\"9.8.0\",\"resolution\":\"D:\\\\Projects\\\\Meals-App\\\\functions\\\\node_modules\\\\firebase-admin\\\\lib\\\\index.js\"}"}}
[debug] [2021-05-24T08:13:43.483Z] [runtime-status] [16800] Resolved module firebase-functions {"declared":true,"installed":true,"version":"3.14.1","resolution":"D:\\Projects\\Meals-App\\functions\\node_modules\\firebase-functions\\lib\\index.js"} {"metadata":{"emulator":{"name":"functions"},"function":{"name":"geocode"},"message":"[runtime-status] [16800] Resolved module firebase-functions {\"declared\":true,\"installed\":true,\"version\":\"3.14.1\",\"resolution\":\"D:\\\\Projects\\\\Meals-App\\\\functions\\\\node_modules\\\\firebase-functions\\\\lib\\\\index.js\"}"}}
[debug] [2021-05-24T08:13:43.483Z] [runtime-status] [16800] firebase-admin has been stubbed. {"adminResolution":{"declared":true,"installed":true,"version":"9.8.0","resolution":"D:\\Projects\\Meals-App\\functions\\node_modules\\firebase-admin\\lib\\index.js"}} {"metadata":{"emulator":{"name":"functions"},"function":{"name":"geocode"},"message":"[runtime-status] [16800] firebase-admin has been stubbed. {\"adminResolution\":{\"declared\":true,\"installed\":true,\"version\":\"9.8.0\",\"resolution\":\"D:\\\\Projects\\\\Meals-App\\\\functions\\\\node_modules\\\\firebase-admin\\\\lib\\\\index.js\"}}"}}
[debug] [2021-05-24T08:13:43.487Z] [runtime-status] [16800] Trigger "geocode" has been found, beginning invocation! {"metadata":{"emulator":{"name":"functions"},"function":{"name":"geocode"},"message":"[runtime-status] [16800] Trigger \"geocode\" has been found, beginning invocation!"}}
[info] i  functions: Beginning execution of "geocode" {"metadata":{"emulator":{"name":"functions"},"function":{"name":"geocode"},"message":"Beginning execution of \"geocode\""}}
[debug] [2021-05-24T08:13:43.490Z] [runtime-status] [16800] triggerDefinition {"httpsTrigger":{},"name":"geocode","entryPoint":"geocode"} {"metadata":{"emulator":{"name":"functions"},"function":{"name":"geocode"},"message":"[runtime-status] [16800] triggerDefinition {\"httpsTrigger\":{},\"name\":\"geocode\",\"entryPoint\":\"geocode\"}"}}
[debug] [2021-05-24T08:13:43.491Z] [runtime-status] [16800] Running geocode in mode HTTPS {"metadata":{"emulator":{"name":"functions"},"function":{"name":"geocode"},"message":"[runtime-status] [16800] Running geocode in mode HTTPS"}}
[debug] [2021-05-24T08:13:43.501Z] [runtime-status] [16800] Attempting to listen to socketPath: \\?\pipe\D:\Projects\Meals-App\functions\16800 {"metadata":{"emulator":{"name":"functions"},"function":{"name":"geocode"},"message":"[runtime-status] [16800] Attempting to listen to socketPath: \\\\?\\pipe\\D:\\Projects\\Meals-App\\functions\\16800"}}
[debug] [2021-05-24T08:13:43.504Z] [functions] Runtime ready! Sending request! {"metadata":{"emulator":{"name":"functions"},"message":"[functions] Runtime ready! Sending request!"}}
[debug] [2021-05-24T08:13:43.505Z] [functions] Got req.url=/mealstogo-62b2f/us-central1/geocode, mapping to path=/ {"metadata":{"emulator":{"name":"functions"},"message":"[functions] Got req.url=/mealstogo-62b2f/us-central1/geocode, mapping to path=/"}}
[debug] [2021-05-24T08:13:43.513Z] [runtime-status] [16800] Ephemeral server handling GET request {"metadata":{"emulator":{"name":"functions"},"function":{"name":"geocode"},"message":"[runtime-status] [16800] Ephemeral server handling GET request"}}
[debug] [2021-05-24T08:13:43.520Z] [runtime-status] [16800] Ephemeral server survived. {"metadata":{"emulator":{"name":"functions"},"function":{"name":"geocode"},"message":"[runtime-status] [16800] Ephemeral server survived."}}
[info] i  functions: Finished "geocode" in ~1s {"metadata":{"emulator":{"name":"functions"},"function":{"name":"geocode"},"message":"Finished \"geocode\" in ~1s"}}
[debug] [2021-05-24T08:13:43.528Z] [worker-geocode-6ef9ad68-f873-4cc2-8f03-82188fc40efe]: IDLE {"metadata":{"emulator":{"name":"functions"},"message":"[worker-geocode-6ef9ad68-f873-4cc2-8f03-82188fc40efe]: IDLE"}}
[debug] [2021-05-24T08:13:43.529Z] [work-queue] {"queueLength":0,"workRunningCount":0}
[debug] [2021-05-24T08:13:43.837Z] Functions emulator received unknown request at path /favicon.ico
